-------------------------------------------------------------------------------
Test set: com.cursospringcloud.rhtrabalhador.RhTrabalhadorApplicationTests
-------------------------------------------------------------------------------
Tests run: 1, Failures: 0, Errors: 1, Skipped: 0, Time elapsed: 8.451 s <<< FAILURE! - in com.cursospringcloud.rhtrabalhador.RhTrabalhadorApplicationTests
contextLoads  Time elapsed: 0.002 s  <<< ERROR!
java.lang.IllegalStateException: Failed to load ApplicationContext
Caused by: org.springframework.beans.factory.BeanCreationException: Error creating bean with name 'scopedTarget.trabalhadorResource': Injection of autowired dependencies failed; nested exception is java.lang.IllegalArgumentException: Could not resolve placeholder 'test.config' in value "${test.config}"
Caused by: java.lang.IllegalArgumentException: Could not resolve placeholder 'test.config' in value "${test.config}"

